\BOOKMARK [1][-]{section.1}{\376\377\000I\000n\000t\000r\000o\000d\000u\000\347\000\343\000o}{}% 1
\BOOKMARK [2][-]{subsection.1.1}{\376\377\000F\000u\000n\000d\000a\000m\000e\000n\000t\000a\000\347\000\343\000o\000\040\000T\000e\000\363\000r\000i\000c\000a}{section.1}% 2
\BOOKMARK [3][-]{subsubsection.1.1.1}{\376\377\000M\000o\000r\000f\000o\000l\000o\000g\000i\000a\000\040\000M\000a\000t\000e\000m\000\341\000t\000i\000c\000a\000\040\000B\000i\000n\000\341\000r\000i\000a}{subsection.1.1}% 3
\BOOKMARK [3][-]{subsubsection.1.1.2}{\376\377\000E\000l\000e\000m\000e\000n\000t\000o\000\040\000E\000s\000t\000r\000u\000t\000u\000r\000a\000n\000t\000e\000\040\0003\000\327\0003\000\040\000e\000\040\000R\000e\000d\000u\000\347\000\343\000o\000\040\000a\000\040\000P\000o\000r\000t\000a\000s\000\040\000L\000\363\000g\000i\000c\000a\000s}{subsection.1.1}% 4
\BOOKMARK [3][-]{subsubsection.1.1.3}{\376\377\000L\000i\000n\000e\000\040\000B\000u\000f\000f\000e\000r\000s\000\040\000e\000\040\000J\000a\000n\000e\000l\000a\000\040\000D\000e\000s\000l\000i\000z\000a\000n\000t\000e}{subsection.1.1}% 5
\BOOKMARK [3][-]{subsubsection.1.1.4}{\376\377\000P\000a\000d\000r\000\343\000o\000\040\000V\000G\000A\000\040\000e\000\040\000T\000e\000m\000p\000o\000r\000i\000z\000a\000\347\000\343\000o}{subsection.1.1}% 6
\BOOKMARK [3][-]{subsubsection.1.1.5}{\376\377\000A\000r\000q\000u\000i\000t\000e\000t\000u\000r\000a\000\040\000P\000i\000p\000e\000l\000i\000n\000e\000\040\000e\000\040\000E\000s\000t\000\341\000g\000i\000o\000\040\000d\000e\000\040\000B\000o\000l\000h\000a}{subsection.1.1}% 7
\BOOKMARK [3][-]{subsubsection.1.1.6}{\376\377\000D\000e\000t\000e\000c\000\347\000\343\000o\000\040\000d\000e\000\040\000B\000o\000r\000d\000a\000s\000\040\000M\000o\000r\000f\000o\000l\000\363\000g\000i\000c\000a}{subsection.1.1}% 8
\BOOKMARK [2][-]{subsection.1.2}{\376\377\000O\000b\000j\000e\000t\000i\000v\000o\000s}{section.1}% 9
\BOOKMARK [2][-]{subsection.1.3}{\376\377\000M\000e\000t\000o\000d\000o\000l\000o\000g\000i\000a}{section.1}% 10
\BOOKMARK [1][-]{section.2}{\376\377\000D\000e\000s\000e\000n\000v\000o\000l\000v\000i\000m\000e\000n\000t\000o\000\040\000T\000e\000\363\000r\000i\000c\000o}{}% 11
\BOOKMARK [2][-]{subsection.2.1}{\376\377\000R\000e\000m\000o\000\347\000\343\000o\000\040\000d\000e\000\040\000R\000u\000\355\000d\000o\000\040\000S\000a\000l\000\040\000e\000\040\000P\000i\000m\000e\000n\000t\000a\000\040\000p\000o\000r\000\040\000M\000o\000r\000f\000o\000l\000o\000g\000i\000a}{section.2}% 12
\BOOKMARK [2][-]{subsection.2.2}{\376\377\000A\000n\000\341\000l\000i\000s\000e\000\040\000d\000a\000\040\000J\000a\000n\000e\000l\000a\000\040\000D\000e\000s\000l\000i\000z\000a\000n\000t\000e\000\040\000c\000o\000m\000\040\000R\000e\000g\000i\000s\000t\000r\000a\000d\000o\000r\000e\000s\000\040\000d\000e\000\040\000D\000e\000s\000l\000o\000c\000a\000m\000e\000n\000t\000o}{section.2}% 13
\BOOKMARK [2][-]{subsection.2.3}{\376\377\000L\000a\000t\000\352\000n\000c\000i\000a\000\040\000d\000o\000\040\000P\000i\000p\000e\000l\000i\000n\000e\000\040\000e\000\040\000S\000i\000n\000c\000r\000o\000n\000i\000s\000m\000o\000\040\000c\000o\000m\000\040\000V\000G\000A}{section.2}% 14
\BOOKMARK [2][-]{subsection.2.4}{\376\377\000D\000e\000t\000e\000c\000\347\000\343\000o\000\040\000d\000e\000\040\000B\000o\000r\000d\000a\000s\000:\000\040\000I\000m\000p\000l\000e\000m\000e\000n\000t\000a\000\347\000\343\000o\000\040\000p\000o\000r\000\040\000X\000O\000R\000\040\000c\000o\000m\000\040\000P\000i\000x\000e\000l\000\040\000C\000e\000n\000t\000r\000a\000l}{section.2}% 15
\BOOKMARK [1][-]{section.3}{\376\377\000D\000e\000s\000e\000n\000v\000o\000l\000v\000i\000m\000e\000n\000t\000o\000\040\000P\000r\000\341\000t\000i\000c\000o}{}% 16
\BOOKMARK [2][-]{subsection.3.1}{\376\377\000A\000m\000b\000i\000e\000n\000t\000e\000\040\000d\000e\000\040\000D\000e\000s\000e\000n\000v\000o\000l\000v\000i\000m\000e\000n\000t\000o}{section.3}% 17
\BOOKMARK [2][-]{subsection.3.2}{\376\377\000E\000s\000t\000r\000u\000t\000u\000r\000a\000\040\000G\000e\000r\000a\000l\000\040\000d\000o\000\040\000P\000r\000o\000j\000e\000t\000o\000\040\000e\000\040\000D\000i\000a\000g\000r\000a\000m\000a\000\040\000d\000e\000\040\000B\000l\000o\000c\000o\000s}{section.3}% 18
\BOOKMARK [2][-]{subsection.3.3}{\376\377\000M\000\363\000d\000u\000l\000o\000\040\000r\000o\000m\000\040\040\024\000\040\000M\000e\000m\000\363\000r\000i\000a\000\040\000d\000a\000\040\000I\000m\000a\000g\000e\000m\000\040\000B\000i\000n\000\341\000r\000i\000a}{section.3}% 19
\BOOKMARK [2][-]{subsection.3.4}{\376\377\000M\000\363\000d\000u\000l\000o\000\040\000m\000a\000x\000\137\000m\000i\000n\000\137\0009\000b\000i\000t\000s\000\040\040\024\000\040\000C\000\341\000l\000c\000u\000l\000o\000\040\000d\000e\000\040\000M\000\341\000x\000i\000m\000o\000\040\000e\000\040\000M\000\355\000n\000i\000m\000o}{section.3}% 20
\BOOKMARK [2][-]{subsection.3.5}{\376\377\000M\000\363\000d\000u\000l\000o\000\040\000m\000o\000d\000u\000l\000o\000\137\000s\000a\000l\000\137\000e\000\137\000p\000i\000m\000e\000n\000t\000a\000\040\040\024\000\040\000E\000s\000t\000\341\000g\000i\000o\000\040\000d\000e\000\040\000P\000i\000p\000e\000l\000i\000n\000e\000\040\000M\000o\000r\000f\000o\000l\000\363\000g\000i\000c\000o}{section.3}% 21
\BOOKMARK [2][-]{subsection.3.6}{\376\377\000M\000\363\000d\000u\000l\000o\000\040\000m\000o\000d\000u\000l\000o\000\137\000b\000o\000r\000d\000a\000\040\000e\000\040\000e\000d\000g\000e\000\137\000d\000e\000t\000e\000c\000t\000o\000r\000\137\0003\000x\0003\000\040\040\024\000\040\000D\000e\000t\000e\000c\000t\000o\000r\000\040\000d\000e\000\040\000B\000o\000r\000d\000a\000s\000\040\000\050\000P\000a\000r\000t\000e\000\040\0002\000\051}{section.3}% 22
\BOOKMARK [2][-]{subsection.3.7}{\376\377\000M\000\363\000d\000u\000l\000o\000\040\000m\000a\000s\000c\000a\000r\000a\000\137\000j\000a\000n\000e\000l\000a\000\040\040\024\000\040\000M\000a\000s\000c\000a\000r\000a\000m\000e\000n\000t\000o\000\040\000d\000a\000\040\000R\000e\000g\000i\000\343\000o\000\040\000V\000G\000A}{section.3}% 23
\BOOKMARK [2][-]{subsection.3.8}{\376\377\000M\000\363\000d\000u\000l\000o\000\040\000m\000u\000x\000\137\000i\000m\000g\000\040\040\024\000\040\000S\000e\000l\000e\000\347\000\343\000o\000\040\000d\000e\000\040\000I\000m\000a\000g\000e\000m\000\040\000p\000o\000r\000\040\000C\000h\000a\000v\000e}{section.3}% 24
\BOOKMARK [2][-]{subsection.3.9}{\376\377\000M\000\363\000d\000u\000l\000o\000\040\000T\000o\000p\000-\000L\000e\000v\000e\000l\000\040\000v\000g\000a\000\137\000f\000i\000l\000t\000r\000o}{section.3}% 25
\BOOKMARK [1][-]{section.4}{\376\377\000D\000i\000s\000c\000u\000s\000s\000\343\000o\000\040\000d\000o\000s\000\040\000R\000e\000s\000u\000l\000t\000a\000d\000o\000s}{}% 26
\BOOKMARK [2][-]{subsection.4.1}{\376\377\000E\000f\000i\000c\000\341\000c\000i\000a\000\040\000d\000a\000\040\000F\000i\000l\000t\000r\000a\000g\000e\000m\000\040\000M\000o\000r\000f\000o\000l\000\363\000g\000i\000c\000a}{section.4}% 27
\BOOKMARK [2][-]{subsection.4.2}{\376\377\000S\000i\000n\000c\000r\000o\000n\000i\000s\000m\000o\000\040\000e\000n\000t\000r\000e\000\040\000P\000i\000p\000e\000l\000i\000n\000e\000\040\000e\000\040\000V\000a\000r\000r\000e\000d\000u\000r\000a\000\040\000V\000G\000A}{section.4}% 28
\BOOKMARK [2][-]{subsection.4.3}{\376\377\000S\000e\000l\000e\000\347\000\343\000o\000\040\000d\000e\000\040\000V\000i\000s\000u\000a\000l\000i\000z\000a\000\347\000\343\000o\000\040\000p\000o\000r\000\040\000C\000h\000a\000v\000e\000s}{section.4}% 29
\BOOKMARK [2][-]{subsection.4.4}{\376\377\000D\000e\000t\000e\000c\000t\000o\000r\000\040\000d\000e\000\040\000B\000o\000r\000d\000a\000s\000\040\000\050\000P\000a\000r\000t\000e\000\040\0002\000\051}{section.4}% 30
\BOOKMARK [2][-]{subsection.4.5}{\376\377\000D\000e\000m\000o\000n\000s\000t\000r\000a\000\347\000\343\000o\000\040\000e\000m\000\040\000V\000\355\000d\000e\000o}{section.4}% 31
\BOOKMARK [1][-]{section.5}{\376\377\000C\000o\000n\000c\000l\000u\000s\000\365\000e\000s}{}% 32
\BOOKMARK [1][-]{section.6}{\376\377\000R\000e\000f\000e\000r\000\352\000n\000c\000i\000a\000s\000\040\000B\000i\000b\000l\000i\000o\000g\000r\000\341\000f\000i\000c\000a\000s}{}% 33
