Flow report for vga_filtro
Mon Apr 13 11:20:03 2026
Quartus Prime Version 23.1std.0 Build 991 11/28/2023 SC Lite Edition


---------------------
; Table of Contents ;
---------------------
  1. Legal Notice
  2. Flow Summary
  3. Flow Settings
  4. Flow Non-Default Global Settings
  5. Flow Elapsed Time
  6. Flow OS Summary
  7. Flow Log
  8. Flow Messages
  9. Flow Suppressed Messages



----------------
; Legal Notice ;
----------------
Copyright (C) 2023  Intel Corporation. All rights reserved.
Your use of Intel Corporation's design tools, logic functions 
and other software and tools, and any partner logic 
functions, and any output files from any of the foregoing 
(including device programming or simulation files), and any 
associated documentation or information are expressly subject 
to the terms and conditions of the Intel Program License 
Subscription Agreement, the Intel Quartus Prime License Agreement,
the Intel FPGA IP License Agreement, or other applicable license
agreement, including, without limitation, that your use is for
the sole purpose of programming logic devices manufactured by
Intel and sold by Intel or its authorized distributors.  Please
refer to the applicable agreement for further details, at
https://fpgasoftware.intel.com/eula.



+----------------------------------------------------------------------------------+
; Flow Summary                                                                     ;
+---------------------------------+------------------------------------------------+
; Flow Status                     ; Successful - Mon Apr 13 11:19:58 2026          ;
; Quartus Prime Version           ; 23.1std.0 Build 991 11/28/2023 SC Lite Edition ;
; Revision Name                   ; vga_filtro                                     ;
; Top-level Entity Name           ; vga_filtro                                     ;
; Family                          ; Cyclone V                                      ;
; Device                          ; 5CSXFC6D6F31C6                                 ;
; Timing Models                   ; Final                                          ;
; Logic utilization (in ALMs)     ; 45 / 41,910 ( < 1 % )                          ;
; Total registers                 ; 123                                            ;
; Total pins                      ; 9 / 499 ( 2 % )                                ;
; Total virtual pins              ; 0                                              ;
; Total block memory bits         ; 35,308 / 5,662,720 ( < 1 % )                   ;
; Total DSP Blocks                ; 0 / 112 ( 0 % )                                ;
; Total HSSI RX PCSs              ; 0 / 9 ( 0 % )                                  ;
; Total HSSI PMA RX Deserializers ; 0 / 9 ( 0 % )                                  ;
; Total HSSI TX PCSs              ; 0 / 9 ( 0 % )                                  ;
; Total HSSI PMA TX Serializers   ; 0 / 9 ( 0 % )                                  ;
; Total PLLs                      ; 1 / 15 ( 7 % )                                 ;
; Total DLLs                      ; 0 / 4 ( 0 % )                                  ;
+---------------------------------+------------------------------------------------+


+-----------------------------------------+
; Flow Settings                           ;
+-------------------+---------------------+
; Option            ; Setting             ;
+-------------------+---------------------+
; Start date & time ; 04/13/2026 11:18:53 ;
; Main task         ; Compilation         ;
; Revision Name     ; vga_filtro          ;
+-------------------+---------------------+


+---------------------------------------------------------------------------------------------------------------------------+
; Flow Non-Default Global Settings                                                                                          ;
+-------------------------------------+----------------------------------------+---------------+---------------+------------+
; Assignment Name                     ; Value                                  ; Default Value ; Entity Name   ; Section Id ;
+-------------------------------------+----------------------------------------+---------------+---------------+------------+
; COMPILER_SIGNATURE_ID               ; 106408473158962.177608993210836        ; --            ; --            ; --         ;
; MAX_CORE_JUNCTION_TEMP              ; 85                                     ; --            ; --            ; --         ;
; MIN_CORE_JUNCTION_TEMP              ; 0                                      ; --            ; --            ; --         ;
; MISC_FILE                           ; rom.bsf                                ; --            ; --            ; --         ;
; MISC_FILE                           ; rom_bb.v                               ; --            ; --            ; --         ;
; MISC_FILE                           ; mux_img.bsf                            ; --            ; --            ; --         ;
; MISC_FILE                           ; mux_img_bb.v                           ; --            ; --            ; --         ;
; MISC_FILE                           ; shift_register.bsf                     ; --            ; --            ; --         ;
; MISC_FILE                           ; shift_register_inst.v                  ; --            ; --            ; --         ;
; MISC_FILE                           ; shift_register_bb.v                    ; --            ; --            ; --         ;
; MISC_FILE                           ; shift_register.inc                     ; --            ; --            ; --         ;
; MISC_FILE                           ; shift_register.cmp                     ; --            ; --            ; --         ;
; MISC_FILE                           ; shift_3.bsf                            ; --            ; --            ; --         ;
; MISC_FILE                           ; shift_3_inst.v                         ; --            ; --            ; --         ;
; MISC_FILE                           ; shift_3_bb.v                           ; --            ; --            ; --         ;
; MISC_FILE                           ; shift_3.inc                            ; --            ; --            ; --         ;
; MISC_FILE                           ; shift_3.cmp                            ; --            ; --            ; --         ;
; PARTITION_COLOR                     ; -- (Not supported for targeted family) ; --            ; my_first_fpga ; Top        ;
; PARTITION_COLOR                     ; -- (Not supported for targeted family) ; --            ; --            ; Top        ;
; PARTITION_FITTER_PRESERVATION_LEVEL ; -- (Not supported for targeted family) ; --            ; my_first_fpga ; Top        ;
; PARTITION_FITTER_PRESERVATION_LEVEL ; -- (Not supported for targeted family) ; --            ; --            ; Top        ;
; PARTITION_NETLIST_TYPE              ; -- (Not supported for targeted family) ; --            ; my_first_fpga ; Top        ;
; PARTITION_NETLIST_TYPE              ; -- (Not supported for targeted family) ; --            ; --            ; Top        ;
; PROJECT_OUTPUT_DIRECTORY            ; output_files                           ; --            ; --            ; --         ;
+-------------------------------------+----------------------------------------+---------------+---------------+------------+


+--------------------------------------------------------------------------------------------------------------------------+
; Flow Elapsed Time                                                                                                        ;
+----------------------+--------------+-------------------------+---------------------+------------------------------------+
; Module Name          ; Elapsed Time ; Average Processors Used ; Peak Virtual Memory ; Total CPU Time (on all processors) ;
+----------------------+--------------+-------------------------+---------------------+------------------------------------+
; Analysis & Synthesis ; 00:00:08     ; 1.0                     ; 5009 MB             ; 00:00:15                           ;
; Fitter               ; 00:00:51     ; 1.0                     ; 7510 MB             ; 00:04:03                           ;
; Assembler            ; 00:00:04     ; 1.0                     ; 5242 MB             ; 00:00:04                           ;
; Timing Analyzer      ; 00:00:04     ; 1.3                     ; 5399 MB             ; 00:00:05                           ;
; Total                ; 00:01:07     ; --                      ; --                  ; 00:04:27                           ;
+----------------------+--------------+-------------------------+---------------------+------------------------------------+


+------------------------------------------------------------------------------------+
; Flow OS Summary                                                                    ;
+----------------------+------------------+------------+------------+----------------+
; Module Name          ; Machine Hostname ; OS Name    ; OS Version ; Processor type ;
+----------------------+------------------+------------+------------+----------------+
; Analysis & Synthesis ; CP-DK-214607     ; Windows 10 ; 10.0       ; x86_64         ;
; Fitter               ; CP-DK-214607     ; Windows 10 ; 10.0       ; x86_64         ;
; Assembler            ; CP-DK-214607     ; Windows 10 ; 10.0       ; x86_64         ;
; Timing Analyzer      ; CP-DK-214607     ; Windows 10 ; 10.0       ; x86_64         ;
+----------------------+------------------+------------+------------+----------------+


------------
; Flow Log ;
------------
quartus_map --read_settings_files=on --write_settings_files=off vga_filtro -c vga_filtro
quartus_fit --read_settings_files=off --write_settings_files=off vga_filtro -c vga_filtro
quartus_asm --read_settings_files=off --write_settings_files=off vga_filtro -c vga_filtro
quartus_sta vga_filtro -c vga_filtro



