Flow report for vga_filtro
Sun May 17 13:50:01 2026
Quartus Prime Version 24.1std.0 Build 1077 03/04/2025 SC Lite Edition


---------------------
; Table of Contents ;
---------------------
  1. Legal Notice
  2. Flow Summary
  3. Flow Settings
  4. Flow Non-Default Global Settings
  5. Flow Elapsed Time
  6. Flow OS Summary
  7. Flow Log
  8. Flow Messages
  9. Flow Suppressed Messages



----------------
; Legal Notice ;
----------------
Copyright (C) 2025  Altera Corporation. All rights reserved.
Your use of Altera Corporation's design tools, logic functions 
and other software and tools, and any partner logic 
functions, and any output files from any of the foregoing 
(including device programming or simulation files), and any 
associated documentation or information are expressly subject 
to the terms and conditions of the Altera Program License 
Subscription Agreement, the Altera Quartus Prime License Agreement,
the Altera IP License Agreement, or other applicable license
agreement, including, without limitation, that your use is for
the sole purpose of programming logic devices manufactured by
Altera and sold by Altera or its authorized distributors.  Please
refer to the Altera Software License Subscription Agreements 
on the Quartus Prime software download page.



+-----------------------------------------------------------------------------------+
; Flow Summary                                                                      ;
+---------------------------------+-------------------------------------------------+
; Flow Status                     ; Successful - Sun May 17 13:49:28 2026           ;
; Quartus Prime Version           ; 24.1std.0 Build 1077 03/04/2025 SC Lite Edition ;
; Revision Name                   ; vga_filtro                                      ;
; Top-level Entity Name           ; vga_filtro                                      ;
; Family                          ; Cyclone V                                       ;
; Device                          ; 5CSXFC6D6F31C6                                  ;
; Timing Models                   ; Final                                           ;
; Logic utilization (in ALMs)     ; 25,002 / 41,910 ( 60 % )                        ;
; Total registers                 ; 4200                                            ;
; Total pins                      ; 11 / 499 ( 2 % )                                ;
; Total virtual pins              ; 0                                               ;
; Total block memory bits         ; 4,096 / 5,662,720 ( < 1 % )                     ;
; Total DSP Blocks                ; 0 / 112 ( 0 % )                                 ;
; Total HSSI RX PCSs              ; 0 / 9 ( 0 % )                                   ;
; Total HSSI PMA RX Deserializers ; 0 / 9 ( 0 % )                                   ;
; Total HSSI TX PCSs              ; 0 / 9 ( 0 % )                                   ;
; Total HSSI PMA TX Serializers   ; 0 / 9 ( 0 % )                                   ;
; Total PLLs                      ; 1 / 15 ( 7 % )                                  ;
; Total DLLs                      ; 0 / 4 ( 0 % )                                   ;
+---------------------------------+-------------------------------------------------+


+-----------------------------------------+
; Flow Settings                           ;
+-------------------+---------------------+
; Option            ; Setting             ;
+-------------------+---------------------+
; Start date & time ; 05/17/2026 13:42:20 ;
; Main task         ; Compilation         ;
; Revision Name     ; vga_filtro          ;
+-------------------+---------------------+


+---------------------------------------------------------------------------------------------------------------------------+
; Flow Non-Default Global Settings                                                                                          ;
+-------------------------------------+----------------------------------------+---------------+---------------+------------+
; Assignment Name                     ; Value                                  ; Default Value ; Entity Name   ; Section Id ;
+-------------------------------------+----------------------------------------+---------------+---------------+------------+
; COMPILER_SIGNATURE_ID               ; 154031907731106.177903614012720        ; --            ; --            ; --         ;
; MAX_CORE_JUNCTION_TEMP              ; 85                                     ; --            ; --            ; --         ;
; MIN_CORE_JUNCTION_TEMP              ; 0                                      ; --            ; --            ; --         ;
; MISC_FILE                           ; rom.bsf                                ; --            ; --            ; --         ;
; MISC_FILE                           ; rom_bb.v                               ; --            ; --            ; --         ;
; MISC_FILE                           ; mux_img.bsf                            ; --            ; --            ; --         ;
; MISC_FILE                           ; mux_img_bb.v                           ; --            ; --            ; --         ;
; MISC_FILE                           ; shift_register.bsf                     ; --            ; --            ; --         ;
; MISC_FILE                           ; shift_register_inst.v                  ; --            ; --            ; --         ;
; MISC_FILE                           ; shift_register_bb.v                    ; --            ; --            ; --         ;
; MISC_FILE                           ; shift_register.inc                     ; --            ; --            ; --         ;
; MISC_FILE                           ; shift_register.cmp                     ; --            ; --            ; --         ;
; MISC_FILE                           ; shift_3.bsf                            ; --            ; --            ; --         ;
; MISC_FILE                           ; shift_3_inst.v                         ; --            ; --            ; --         ;
; MISC_FILE                           ; shift_3_bb.v                           ; --            ; --            ; --         ;
; MISC_FILE                           ; shift_3.inc                            ; --            ; --            ; --         ;
; MISC_FILE                           ; shift_3.cmp                            ; --            ; --            ; --         ;
; PARTITION_COLOR                     ; -- (Not supported for targeted family) ; --            ; my_first_fpga ; Top        ;
; PARTITION_COLOR                     ; -- (Not supported for targeted family) ; --            ; --            ; Top        ;
; PARTITION_FITTER_PRESERVATION_LEVEL ; -- (Not supported for targeted family) ; --            ; my_first_fpga ; Top        ;
; PARTITION_FITTER_PRESERVATION_LEVEL ; -- (Not supported for targeted family) ; --            ; --            ; Top        ;
; PARTITION_NETLIST_TYPE              ; -- (Not supported for targeted family) ; --            ; my_first_fpga ; Top        ;
; PARTITION_NETLIST_TYPE              ; -- (Not supported for targeted family) ; --            ; --            ; Top        ;
; POWER_BOARD_THERMAL_MODEL           ; None (CONSERVATIVE)                    ; --            ; --            ; --         ;
; POWER_PRESET_COOLING_SOLUTION       ; 23 MM HEAT SINK WITH 200 LFPM AIRFLOW  ; --            ; --            ; --         ;
; PROJECT_OUTPUT_DIRECTORY            ; output_files                           ; --            ; --            ; --         ;
+-------------------------------------+----------------------------------------+---------------+---------------+------------+


+--------------------------------------------------------------------------------------------------------------------------+
; Flow Elapsed Time                                                                                                        ;
+----------------------+--------------+-------------------------+---------------------+------------------------------------+
; Module Name          ; Elapsed Time ; Average Processors Used ; Peak Virtual Memory ; Total CPU Time (on all processors) ;
+----------------------+--------------+-------------------------+---------------------+------------------------------------+
; Analysis & Synthesis ; 00:01:56     ; 1.0                     ; 5483 MB             ; 00:01:57                           ;
; Fitter               ; 00:04:41     ; 1.3                     ; 7104 MB             ; 00:12:25                           ;
; Assembler            ; 00:00:19     ; 1.0                     ; 5488 MB             ; 00:00:15                           ;
; Timing Analyzer      ; 00:00:32     ; 2.9                     ; 5897 MB             ; 00:01:24                           ;
; Total                ; 00:07:28     ; --                      ; --                  ; 00:16:01                           ;
+----------------------+--------------+-------------------------+---------------------+------------------------------------+


+------------------------------------------------------------------------------------+
; Flow OS Summary                                                                    ;
+----------------------+------------------+------------+------------+----------------+
; Module Name          ; Machine Hostname ; OS Name    ; OS Version ; Processor type ;
+----------------------+------------------+------------+------------+----------------+
; Analysis & Synthesis ; slayer-machine   ; Windows 10 ; 10.0       ; x86_64         ;
; Fitter               ; slayer-machine   ; Windows 10 ; 10.0       ; x86_64         ;
; Assembler            ; slayer-machine   ; Windows 10 ; 10.0       ; x86_64         ;
; Timing Analyzer      ; slayer-machine   ; Windows 10 ; 10.0       ; x86_64         ;
+----------------------+------------------+------------+------------+----------------+


------------
; Flow Log ;
------------
quartus_map --read_settings_files=on --write_settings_files=off vga_filtro -c vga_filtro
quartus_fit --read_settings_files=off --write_settings_files=off vga_filtro -c vga_filtro
quartus_asm --read_settings_files=off --write_settings_files=off vga_filtro -c vga_filtro
quartus_sta vga_filtro -c vga_filtro



